Log file open, 01/25/20 20:46:42
LogInit:Display: Running engine for game: JuegoPropioUnreal
LogPlatformFile: Not using cached read wrapper
LogInit:Display: RandInit(412185926) SRandInit(412185927).
LogTaskGraph: Started task graph with 5 named threads and 8 total threads with 1 sets of task threads.
LogStats: Stats thread started at 0.110369
LogInit: Using libcurl 7.47.1
LogInit:  - built for x86_64-pc-win32
LogInit:  - supports SSL with OpenSSL/1.0.2g
LogInit:  - supports HTTP deflate (compression) using libz 1.2.8
LogInit:  - other features:
LogInit:      CURL_VERSION_SSL
LogInit:      CURL_VERSION_LIBZ
LogInit:      CURL_VERSION_IPV6
LogInit:      CURL_VERSION_ASYNCHDNS
LogInit:      CURL_VERSION_LARGEFILE
LogInit:      CURL_VERSION_IDN
LogInit:  CurlRequestOptions (configurable via config and command line):
LogInit:  - bVerifyPeer = false  - Libcurl will NOT verify peer certificate
LogInit:  - bUseHttpProxy = false  - Libcurl will NOT use HTTP proxy
LogInit:  - bDontReuseConnections = false  - Libcurl will reuse connections
LogInit:  - CertBundlePath = nullptr  - Libcurl will use whatever was configured at build time.
LogInit: Build: ++UE4+Release-4.16-CL-3561208
LogInit: Engine Version: 4.16.3-3561208+++UE4+Release-4.16
LogInit: Compatible Engine Version: 4.16.0-3452394+++UE4+Release-4.16
LogInit: Net CL: 3452394
LogDevObjectVersion: Number of dev versions registered: 16
LogDevObjectVersion:   Dev-Blueprints (B0D832E4-1F89-4F0D-ACCF-7EB736FD4AA2): 9
LogDevObjectVersion:   Dev-Build (E1C64328-A22C-4D53-A36C-8E866417BD8C): 0
LogDevObjectVersion:   Dev-Core (375EC13C-06E4-48FB-B500-84F0262A717E): 2
LogDevObjectVersion:   Dev-Editor (E4B068ED-F494-42E9-A231-DA0B2E46BB41): 17
LogDevObjectVersion:   Dev-Framework (CFFC743F-43B0-4480-9391-14DF171D2073): 23
LogDevObjectVersion:   Dev-Mobile (B02B49B5-BB20-44E9-A304-32B752E40360): 0
LogDevObjectVersion:   Dev-Networking (A4E4105C-59A1-49B5-A7C5-40C4547EDFEE): 0
LogDevObjectVersion:   Dev-Online (39C831C9-5AE6-47DC-9A44-9C173E1C8E7C): 0
LogDevObjectVersion:   Dev-Physics (78F01B33-EBEA-4F98-B9B4-84EACCB95AA2): 0
LogDevObjectVersion:   Dev-Platform (6631380F-2D4D-43E0-8009-CF276956A95A): 0
LogDevObjectVersion:   Dev-Rendering (12F88B9F-8875-4AFC-A67C-D90C383ABD29): 15
LogDevObjectVersion:   Dev-Sequencer (7B5AE74C-D270-4C10-A958-57980B212A5A): 4
LogDevObjectVersion:   Dev-VR (D7296918-1DD6-4BDD-9DE2-64A83CC13884): 0
LogDevObjectVersion:   Dev-LoadTimes (C2A15278-BFE7-4AFE-6C17-90FF531DF755): 1
LogDevObjectVersion:   Private-Geometry (6EACA3D4-40EC-4CC1-B786-8BED09428FC5): 1
LogDevObjectVersion:   Dev-AnimPhys (29E575DD-E0A3-4627-9D10-D276232CDCEA): 3
LogInit: Compiled (64-bit): Jul 28 2017 11:49:47
LogInit: Compiled with Visual C++: 19.00.24215.01
LogInit: Build Configuration: Development
LogInit: Branch Name: ++UE4+Release-4.16
LogInit: Command line:  /Temp/Autosaves/Game/UEDPCNivel1 -game -PIEVIACONSOLE -ResX=1280 -ResY=720  -Multiprocess -messaging -SessionName="Play in Standalone Game" -windowed 
LogInit: Base directory: D:/UnrealEngine/UE_4.16/Engine/Binaries/Win64/
LogInit: Installed Engine Build: 1
LogInit: Presizing for max 8388607 objects, including 0 objects not considered by GC, pre-allocating 0 bytes for permanent pool.
LogInit: Object subsystem initialized
[2020.01.25-19.46.43:618][  0]LogInit: Selected Device Profile: [Windows]
[2020.01.25-19.46.43:618][  0]LogInit: Applying CVar settings loaded from the selected device profile: [Windows]
[2020.01.25-19.46.43:622][  0]LogInit: Computer: LAPTOP-IAG928L3
[2020.01.25-19.46.43:622][  0]LogInit: User: Lucía
[2020.01.25-19.46.43:622][  0]LogInit: CPU Page size=4096, Cores=4
[2020.01.25-19.46.43:622][  0]LogInit: High frequency timer resolution =10.000000 MHz
[2020.01.25-19.46.43:623][  0]LogMemory: Memory total: Physical=31.9GB (32GB approx)
[2020.01.25-19.46.43:623][  0]LogMemory: Platform Memory Stats for Windows
[2020.01.25-19.46.43:623][  0]LogMemory: Process Physical Memory: 274.38 MB used, 274.39 MB peak
[2020.01.25-19.46.43:623][  0]LogMemory: Process Virtual Memory: 262.46 MB used, 262.46 MB peak
[2020.01.25-19.46.43:623][  0]LogMemory: Physical Memory: 12611.56 MB used,  20075.72 MB free, 32687.28 MB total
[2020.01.25-19.46.43:623][  0]LogMemory: Virtual Memory: 4749.39 MB used,  20075.72 MB free, 134217728.00 MB total
[2020.01.25-19.46.43:721][  0]LogInit: Using OS detected language (es-ES).
[2020.01.25-19.46.43:721][  0]LogInit: Using OS detected locale (es-ES).
[2020.01.25-19.46.43:727][  0]LogTextLocalizationManager: No specific localization for 'es-ES' exists, so the 'es' localization will be used.
[2020.01.25-19.46.44:425][  0]LogD3D11RHI: D3D11 adapters:
[2020.01.25-19.46.44:505][  0]LogD3D11RHI:    0. 'NVIDIA GeForce GTX 1070' (Feature Level 11_0)
[2020.01.25-19.46.44:505][  0]LogD3D11RHI:       8081/0/16343 MB DedicatedVideo/DedicatedSystem/SharedSystem, Outputs:1, VendorId:0x10de
[2020.01.25-19.46.44:509][  0]LogD3D11RHI:    1. 'Microsoft Basic Render Driver' (Feature Level 11_0)
[2020.01.25-19.46.44:509][  0]LogD3D11RHI:       0/0/16343 MB DedicatedVideo/DedicatedSystem/SharedSystem, Outputs:0, VendorId:0x1414
[2020.01.25-19.46.44:509][  0]LogD3D11RHI: Chosen D3D11 Adapter: 0
[2020.01.25-19.46.44:523][  0]LogD3D11RHI: Creating new Direct3DDevice
[2020.01.25-19.46.44:523][  0]LogD3D11RHI:     GPU DeviceId: 0x1be1 (for the marketing name, search the web for "GPU Device Id")
[2020.01.25-19.46.44:523][  0]LogWindows: EnumDisplayDevices:
[2020.01.25-19.46.44:523][  0]LogWindows:    0. 'NVIDIA GeForce GTX 1070' (P:1 D:1)
[2020.01.25-19.46.44:524][  0]LogWindows:    1. 'NVIDIA GeForce GTX 1070' (P:0 D:0)
[2020.01.25-19.46.44:524][  0]LogWindows:    2. 'NVIDIA GeForce GTX 1070' (P:0 D:0)
[2020.01.25-19.46.44:524][  0]LogWindows:    3. 'NVIDIA GeForce GTX 1070' (P:0 D:0)
[2020.01.25-19.46.44:524][  0]LogWindows: DebugString: GetVideoDriverDetailsInvalid PrimaryIsNotTheChoosenAdapter GetVideoDriverDetailsInvalid PrimaryIsNotTheChoosenAdapter GetVideoDriverDetailsInvalid PrimaryIsNotTheChoosenAdapter GetVideoDriverDetailsInvalid PrimaryIsNotTheChoosenAdapter FoundDriverCount:0 
[2020.01.25-19.46.44:524][  0]LogD3D11RHI:     Adapter Name: NVIDIA GeForce GTX 1070
[2020.01.25-19.46.44:524][  0]LogD3D11RHI:   Driver Version: Unknown (internal:Unknown, unified:Unknown)
[2020.01.25-19.46.44:524][  0]LogD3D11RHI:      Driver Date: Unknown
[2020.01.25-19.46.44:524][  0]LogRHI: Texture pool is 1361 MB (70% of 1945 MB)
[2020.01.25-19.46.44:578][  0]LogD3D11RHI: Async texture creation enabled
[2020.01.25-19.46.44:593][  0]LogD3D11RHI: GPU Timing Frequency: 1000.000000 (Debug: 2 1)
[2020.01.25-19.46.44:638][  0]LogShaderCompilers: Guid format shader working directory is -11 characters bigger than the processId version (C:/Users/Lucía/Documents/GitHub/Unreal/JuegoPropioUnreal/Intermediate/Shaders/WorkingDirectory/16972/).
[2020.01.25-19.46.44:638][  0]LogShaderCompilers: Cleaned the shader compiler working directory 'C:/Users/Lucía/AppData/Local/Temp/UnrealShaderWorkingDir/994EFA244A6C6382599B50A900D378EC/'.
[2020.01.25-19.46.44:638][  0]LogShaderCompilers:Display: Using Local Shader Compiler.
[2020.01.25-19.46.46:092][  0]LogTemp:Display: Loaded TP WindowsClientTargetPlatform
[2020.01.25-19.46.46:152][  0]LogTemp:Display: Loaded TP WindowsNoEditorTargetPlatform
[2020.01.25-19.46.46:210][  0]LogTemp:Display: Loaded TP WindowsServerTargetPlatform
[2020.01.25-19.46.46:266][  0]LogTemp:Display: Loaded TP WindowsTargetPlatform
[2020.01.25-19.46.46:266][  0]LogTargetPlatformManager:Display: Building Assets For Windows
[2020.01.25-19.46.46:856][  0]LogDerivedDataCache:Display: Max Cache Size: 512 MB
[2020.01.25-19.46.46:938][  0]LogDerivedDataCache: Loaded boot cache 0.08s 90MB C:/Users/Lucía/AppData/Local/UnrealEngine/4.16/DerivedDataCache/Boot.ddc.
[2020.01.25-19.46.46:938][  0]LogDerivedDataCache:Display: Loaded Boot cache: C:/Users/Lucía/AppData/Local/UnrealEngine/4.16/DerivedDataCache/Boot.ddc
[2020.01.25-19.46.46:938][  0]LogDerivedDataCache: FDerivedDataBackendGraph:  Pak pak cache file C:/Users/Lucía/Documents/GitHub/Unreal/JuegoPropioUnreal/DerivedDataCache/DDC.ddp not found, will not use a pak cache.
[2020.01.25-19.46.46:938][  0]LogDerivedDataCache: Unable to find inner node Pak for hierarchical cache Hierarchy.
[2020.01.25-19.46.46:938][  0]LogDerivedDataCache: FDerivedDataBackendGraph:  CompressedPak pak cache file C:/Users/Lucía/Documents/GitHub/Unreal/JuegoPropioUnreal/DerivedDataCache/Compressed.ddp not found, will not use a pak cache.
[2020.01.25-19.46.46:939][  0]LogDerivedDataCache: Unable to find inner node CompressedPak for hierarchical cache Hierarchy.
[2020.01.25-19.46.46:957][  0]LogDerivedDataCache:Display: Pak cache opened for reading ../../../Engine/DerivedDataCache/Compressed.ddp.
[2020.01.25-19.46.46:970][  0]LogDerivedDataCache: Using Local data cache path C:/Users/Lucía/AppData/Local/UnrealEngine/Common/DerivedDataCache: Writable
[2020.01.25-19.46.46:996][  0]LogMaterial: Verifying Global Shaders for PCD3D_SM5
[2020.01.25-19.46.46:996][  0]LogSlate: Using Freetype 2.6.0
[2020.01.25-19.46.46:998][  0]LogSlate: SlateFontCache - WITH_FREETYPE: 1, WITH_HARFBUZZ: 1
[2020.01.25-19.46.46:998][  0]LogSlate: SlateFontCache - WITH_FREETYPE: 1, WITH_HARFBUZZ: 1
[2020.01.25-19.46.47:379][  0]LogAssetRegistry: FAssetRegistry took 0.0055 seconds to start up
[2020.01.25-19.46.47:391][  0]LogPackageLocalizationCache: Processed 4 localized package path(s) for 2 prioritized culture(s) in 0.012043 seconds
[2020.01.25-19.46.47:515][  0]LogInit: Selected Device Profile: [Windows]
[2020.01.25-19.46.47:582][  0]LogContentStreaming: Texture pool size is 1000.00 MB
[2020.01.25-19.46.47:763][  0]LogMeshUtilities: Using QuadricMeshReduction for automatic static mesh reduction
[2020.01.25-19.46.47:818][  0]LogSimplygon: Simplygon DLL not present - disabling.
[2020.01.25-19.46.47:888][  0]LogMeshUtilities: Using SimplygonSwarm for distributed automatic mesh merging
[2020.01.25-19.46.47:888][  0]LogMeshUtilities: No automatic skeletal mesh reduction module available
[2020.01.25-19.46.47:888][  0]LogMeshUtilities: No automatic mesh merging module available
[2020.01.25-19.46.48:558][  0]LogNetVersion: JuegoPropioUnreal , NetCL: 3452394, EngineNetVer: 2, GameNetVer: 0 (Checksum: 3708460046)
[2020.01.25-19.46.48:634][  0]LogInit: WinSock: version 1.1 (2.2), MaxSocks=32767, MaxUdp=65467
[2020.01.25-19.46.50:030][  0]LogMoviePlayer: Initializing movie player
[2020.01.25-19.46.50:492][  0]LogCollectionManager: Loaded 0 collections in 0.001425 seconds
[2020.01.25-19.46.50:548][  0]LogFileCache: Scanning file cache for directory 'C:/Users/Lucía/Documents/GitHub/Unreal/JuegoPropioUnreal/Saved/Collections/' took 0.01s
[2020.01.25-19.46.50:548][  0]LogFileCache: Scanning file cache for directory 'C:/Users/Lucía/Documents/GitHub/Unreal/JuegoPropioUnreal/Content/Developers/Lucía/Collections/' took 0.01s
[2020.01.25-19.46.50:548][  0]LogFileCache: Scanning file cache for directory 'C:/Users/Lucía/Documents/GitHub/Unreal/JuegoPropioUnreal/Content/Collections/' took 0.01s
[2020.01.25-19.46.50:548][  0]LogCollectionManager: Rebuilt the object cache for 0 collections in 0.000002 seconds (found 0 objects)
[2020.01.25-19.46.50:548][  0]LogCollectionManager: Fixed up redirectors for 0 collections in 0.000040 seconds (updated 0 objects)
[2020.01.25-19.46.50:788][  0]LogTcpMessaging: Initializing TcpMessaging bridge
[2020.01.25-19.46.50:839][  0]LogUdpMessaging: Initializing bridge on interface 0.0.0.0:0 to multicast group 230.0.0.1:6666.
[2020.01.25-19.46.51:433][  0]SourceControl: Información El control de código fuente está desactivado
[2020.01.25-19.46.51:433][  0]SourceControl: Información El control de código fuente está desactivado
[2020.01.25-19.46.51:501][  0]SourceControl: Información El control de código fuente está desactivado
[2020.01.25-19.46.51:867][  0]LogAndroidPermission: UAndroidPermissionCallbackProxy::GetInstance
[2020.01.25-19.46.52:534][  0]LogUObjectArray: 37220 objects as part of root set at end of initial load.
[2020.01.25-19.46.52:534][  0]LogUObjectAllocator: 8398848 out of 0 bytes used by permanent object pool.
[2020.01.25-19.46.52:534][  0]LogUObjectArray: CloseDisregardForGC: 0/0 objects in disregard for GC pool
[2020.01.25-19.46.52:654][  0]LogEngine: Initializing Engine...
[2020.01.25-19.46.52:656][  0]LogHMD: Failed to initialize OpenVR with code 110
[2020.01.25-19.46.52:847][  0]LogStats: UGameplayTagsManager::ConstructGameplayTagTree: Construct from data asset -  0.000 s
[2020.01.25-19.46.52:847][  0]LogStats: UGameplayTagsManager::ConstructGameplayTagTree: GameplayTagTreeChangedEvent.Broadcast -  0.000 s
[2020.01.25-19.46.52:862][  0]LogInit: XAudio2 using 'Altavoces (Realtek High Definition Audio)' : 2 channels at 48 kHz using 32 bits per sample (channel mask 0x3)
[2020.01.25-19.46.52:893][  0]LogInit: FAudioDevice initialized.
[2020.01.25-19.46.52:912][  0]LogInit: Texture streaming: Enabled
[2020.01.25-19.46.52:930][  0]LogMaterial: Uniform references updated for custom material expression Custom.
[2020.01.25-19.46.53:220][  0]LogSlateStyle:Warning: No pudo encontrar el estilo del widget del cuadro 'NormalText'. Utilizando FTextBlockStyle predeterminado en su lugar.
[2020.01.25-19.46.53:220][  0]LogSlateStyle:Warning: No pudo encontrar el estilo del widget del cuadro 'SpinBox'. Utilizando FSpinBoxStyle predeterminado en su lugar.
[2020.01.25-19.46.53:516][  0]LogInit:Display: Game Engine Initialized.
[2020.01.25-19.46.53:704][  0]LogInit:Display: Starting Game.
[2020.01.25-19.46.53:704][  0]LogNet: Browse: /Temp/Autosaves/Game/UEDPCNivel1?Name=Player
[2020.01.25-19.46.53:705][  0]LogLoad: LoadMap: /Temp/Autosaves/Game/UEDPCNivel1?Name=Player
[2020.01.25-19.46.53:726][  0]LogMemory: Platform Memory Stats for Windows
[2020.01.25-19.46.53:726][  0]LogMemory: Process Physical Memory: 787.21 MB used, 889.98 MB peak
[2020.01.25-19.46.53:726][  0]LogMemory: Process Virtual Memory: 926.81 MB used, 957.35 MB peak
[2020.01.25-19.46.53:726][  0]LogMemory: Physical Memory: 13051.10 MB used,  19636.18 MB free, 32687.28 MB total
[2020.01.25-19.46.53:726][  0]LogMemory: Virtual Memory: 5738.84 MB used,  19636.18 MB free, 134217728.00 MB total
[2020.01.25-19.46.53:726][  0]LogMemory: 
[2020.01.25-19.46.53:726][  0]Allocator Stats for TBB: (not implemented)
[2020.01.25-19.46.53:811][  0]LogBlueprint:Warning: Node '/Game/MixamoAnimPack/MixamoCharacter_Master.MixamoCharacter_Master:EdGraph_0.K2Node_FunctionEntry_19' missing NodeGuid because of upgrade from old package version, this can cause deterministic cooking issues please resave package.
[2020.01.25-19.46.53:818][  0]LogBlueprint:Warning: [Compiler MixamoCharacter_Master] Aviso Acción desconocida de referencias del evento InputAction 'Jump' para  InputAction Jump
[2020.01.25-19.46.53:818][  0]LogBlueprint:Warning: [Compiler MixamoCharacter_Master] Aviso El eje desconocido de referencias del eje de entrada 'LookUpRate' para  InputAxis LookUpRate
[2020.01.25-19.46.53:818][  0]LogBlueprint:Warning: [Compiler MixamoCharacter_Master] Aviso El eje desconocido de referencias del eje de entrada 'TurnRate' para  InputAxis TurnRate
[2020.01.25-19.46.53:819][  0]LogBlueprint:Warning: [Compiler MixamoCharacter_Master] Aviso El eje desconocido de referencias del eje de entrada 'Turn' para  InputAxis Turn
[2020.01.25-19.46.53:819][  0]LogBlueprint:Warning: [Compiler MixamoCharacter_Master] Aviso El eje desconocido de referencias del eje de entrada 'MoveRight' para  InputAxis MoveRight
[2020.01.25-19.46.53:819][  0]LogBlueprint:Warning: [Compiler MixamoCharacter_Master] Aviso El eje desconocido de referencias del eje de entrada 'LookUp' para  InputAxis LookUp
[2020.01.25-19.46.53:819][  0]LogBlueprint:Warning: [Compiler MixamoCharacter_Master] Aviso El eje desconocido de referencias del eje de entrada 'MoveForward' para  InputAxis MoveForward
[2020.01.25-19.46.53:820][  0]LogBlueprint:Warning: Node '/Game/MixamoAnimPack/MixamoCharacter_Master.MixamoCharacter_Master:EdGraph_1.K2Node_FunctionEntry_19' missing NodeGuid because of upgrade from old package version, this can cause deterministic cooking issues please resave package.
[2020.01.25-19.46.53:822][  0]LogBlueprint:Warning: [Compiler MixamoCharacter_Master] Aviso [0012,44] Compile of MixamoCharacter_Master successful, but with 7 Warning(s) [in 8 ms] (/Game/MixamoAnimPack/MixamoCharacter_Master.MixamoCharacter_Master)
[2020.01.25-19.46.53:822][  0]LogBlueprint:Warning: [Compiler MixamoCharacter_Master] Aviso [0012,44] Compile of MixamoCharacter_Master successful, but with 8 Warning(s) [in 0 ms] (/Game/MixamoAnimPack/MixamoCharacter_Master.MixamoCharacter_Master)
[2020.01.25-19.46.53:822][  0]LogBlueprint:Warning: [Compiler MixamoCharacter_Master] Aviso [0012,44] Compile of MixamoCharacter_Master successful, but with 9 Warning(s) [in 0 ms] (/Game/MixamoAnimPack/MixamoCharacter_Master.MixamoCharacter_Master)
[2020.01.25-19.46.54:048][  0]LogBlueprint:Warning: [Compiler MixamoCharacter_Master] Aviso Acción desconocida de referencias del evento InputAction 'Jump' para  InputAction Jump
[2020.01.25-19.46.54:048][  0]LogBlueprint:Warning: [Compiler MixamoCharacter_Master] Aviso El eje desconocido de referencias del eje de entrada 'LookUpRate' para  InputAxis LookUpRate
[2020.01.25-19.46.54:048][  0]LogBlueprint:Warning: [Compiler MixamoCharacter_Master] Aviso El eje desconocido de referencias del eje de entrada 'TurnRate' para  InputAxis TurnRate
[2020.01.25-19.46.54:048][  0]LogBlueprint:Warning: [Compiler MixamoCharacter_Master] Aviso El eje desconocido de referencias del eje de entrada 'Turn' para  InputAxis Turn
[2020.01.25-19.46.54:048][  0]LogBlueprint:Warning: [Compiler MixamoCharacter_Master] Aviso El eje desconocido de referencias del eje de entrada 'MoveRight' para  InputAxis MoveRight
[2020.01.25-19.46.54:048][  0]LogBlueprint:Warning: [Compiler MixamoCharacter_Master] Aviso El eje desconocido de referencias del eje de entrada 'LookUp' para  InputAxis LookUp
[2020.01.25-19.46.54:049][  0]LogBlueprint:Warning: [Compiler MixamoCharacter_Master] Aviso El eje desconocido de referencias del eje de entrada 'MoveForward' para  InputAxis MoveForward
[2020.01.25-19.46.54:049][  0]LogBlueprint:Warning: Node '/Game/MixamoAnimPack/MixamoCharacter_Master.MixamoCharacter_Master:EdGraph_2.K2Node_FunctionEntry_19' missing NodeGuid because of upgrade from old package version, this can cause deterministic cooking issues please resave package.
[2020.01.25-19.46.54:052][  0]LogBlueprint:Warning: [Compiler MixamoCharacter_Master] Aviso [0012,67] Compile of MixamoCharacter_Master successful, but with 7 Warning(s) [in 8 ms] (/Game/MixamoAnimPack/MixamoCharacter_Master.MixamoCharacter_Master)
[2020.01.25-19.46.54:052][  0]LogBlueprint:Warning: [Compiler MixamoCharacter_Master] Aviso [0012,67] Compile of MixamoCharacter_Master successful, but with 8 Warning(s) [in 0 ms] (/Game/MixamoAnimPack/MixamoCharacter_Master.MixamoCharacter_Master)
[2020.01.25-19.46.54:052][  0]LogBlueprint:Warning: [Compiler MixamoCharacter_Master] Aviso [0012,67] Compile of MixamoCharacter_Master successful, but with 9 Warning(s) [in 0 ms] (/Game/MixamoAnimPack/MixamoCharacter_Master.MixamoCharacter_Master)
[2020.01.25-19.46.54:261][  0]LogBlueprint:Warning: Node '/Game/MixamoAnimPack/MixamoCharacter_Master.MixamoCharacter_Master:EventGraph.EdGraphNode_Comment_93' missing NodeGuid because of upgrade from old package version, this can cause deterministic cooking issues please resave package.
[2020.01.25-19.46.54:261][  0]LogBlueprint:Warning: Node '/Game/MixamoAnimPack/MixamoCharacter_Master.MixamoCharacter_Master:EventGraph.K2Node_Comment_1' missing NodeGuid because of upgrade from old package version, this can cause deterministic cooking issues please resave package.
[2020.01.25-19.46.54:262][  0]LogBlueprint:Warning: Node '/Game/MixamoAnimPack/MixamoCharacter_Master.MixamoCharacter_Master:EventGraph.K2Node_Comment_39' missing NodeGuid because of upgrade from old package version, this can cause deterministic cooking issues please resave package.
[2020.01.25-19.46.54:262][  0]LogBlueprint:Warning: Node '/Game/MixamoAnimPack/MixamoCharacter_Master.MixamoCharacter_Master:EventGraph.K2Node_Comment_56' missing NodeGuid because of upgrade from old package version, this can cause deterministic cooking issues please resave package.
[2020.01.25-19.46.54:263][  0]LogBlueprint:Warning: Node '/Game/MixamoAnimPack/MixamoCharacter_Master.MixamoCharacter_Master:EventGraph.K2Node_CallFunction_108971' missing NodeGuid because of upgrade from old package version, this can cause deterministic cooking issues please resave package.
[2020.01.25-19.46.54:263][  0]LogBlueprint:Warning: Node '/Game/MixamoAnimPack/MixamoCharacter_Master.MixamoCharacter_Master:EventGraph.K2Node_CallFunction_112027' missing NodeGuid because of upgrade from old package version, this can cause deterministic cooking issues please resave package.
[2020.01.25-19.46.54:263][  0]LogBlueprint:Warning: Node '/Game/MixamoAnimPack/MixamoCharacter_Master.MixamoCharacter_Master:EventGraph.K2Node_CallFunction_20844' missing NodeGuid because of upgrade from old package version, this can cause deterministic cooking issues please resave package.
[2020.01.25-19.46.54:263][  0]LogBlueprint:Warning: Node '/Game/MixamoAnimPack/MixamoCharacter_Master.MixamoCharacter_Master:EventGraph.K2Node_CallFunction_21305' missing NodeGuid because of upgrade from old package version, this can cause deterministic cooking issues please resave package.
[2020.01.25-19.46.54:263][  0]LogBlueprint:Warning: Node '/Game/MixamoAnimPack/MixamoCharacter_Master.MixamoCharacter_Master:EventGraph.K2Node_CallFunction_3716' missing NodeGuid because of upgrade from old package version, this can cause deterministic cooking issues please resave package.
[2020.01.25-19.46.54:263][  0]LogBlueprint:Warning: Node '/Game/MixamoAnimPack/MixamoCharacter_Master.MixamoCharacter_Master:EventGraph.K2Node_CallFunction_4184' missing NodeGuid because of upgrade from old package version, this can cause deterministic cooking issues please resave package.
[2020.01.25-19.46.54:263][  0]LogBlueprint:Warning: Node '/Game/MixamoAnimPack/MixamoCharacter_Master.MixamoCharacter_Master:EventGraph.K2Node_CallFunction_4223' missing NodeGuid because of upgrade from old package version, this can cause deterministic cooking issues please resave package.
[2020.01.25-19.46.54:263][  0]LogBlueprint:Warning: Node '/Game/MixamoAnimPack/MixamoCharacter_Master.MixamoCharacter_Master:EventGraph.K2Node_CallFunction_4678' missing NodeGuid because of upgrade from old package version, this can cause deterministic cooking issues please resave package.
[2020.01.25-19.46.54:263][  0]LogBlueprint:Warning: Node '/Game/MixamoAnimPack/MixamoCharacter_Master.MixamoCharacter_Master:EventGraph.K2Node_CallFunction_61214' missing NodeGuid because of upgrade from old package version, this can cause deterministic cooking issues please resave package.
[2020.01.25-19.46.54:263][  0]LogBlueprint:Warning: Node '/Game/MixamoAnimPack/MixamoCharacter_Master.MixamoCharacter_Master:EventGraph.K2Node_CallFunction_61534' missing NodeGuid because of upgrade from old package version, this can cause deterministic cooking issues please resave package.
[2020.01.25-19.46.54:263][  0]LogBlueprint:Warning: Node '/Game/MixamoAnimPack/MixamoCharacter_Master.MixamoCharacter_Master:EventGraph.K2Node_CallFunction_65164' missing NodeGuid because of upgrade from old package version, this can cause deterministic cooking issues please resave package.
[2020.01.25-19.46.54:264][  0]LogBlueprint:Warning: Node '/Game/MixamoAnimPack/MixamoCharacter_Master.MixamoCharacter_Master:EventGraph.K2Node_CallFunction_7346' missing NodeGuid because of upgrade from old package version, this can cause deterministic cooking issues please resave package.
[2020.01.25-19.46.54:264][  0]LogBlueprint:Warning: Node '/Game/MixamoAnimPack/MixamoCharacter_Master.MixamoCharacter_Master:EventGraph.K2Node_CallFunction_8160' missing NodeGuid because of upgrade from old package version, this can cause deterministic cooking issues please resave package.
[2020.01.25-19.46.54:264][  0]LogBlueprint:Warning: Node '/Game/MixamoAnimPack/MixamoCharacter_Master.MixamoCharacter_Master:EventGraph.K2Node_CallFunction_8427' missing NodeGuid because of upgrade from old package version, this can cause deterministic cooking issues please resave package.
[2020.01.25-19.46.54:264][  0]LogBlueprint:Warning: Node '/Game/MixamoAnimPack/MixamoCharacter_Master.MixamoCharacter_Master:EventGraph.K2Node_CallFunction_8733' missing NodeGuid because of upgrade from old package version, this can cause deterministic cooking issues please resave package.
[2020.01.25-19.46.54:264][  0]LogBlueprint:Warning: Node '/Game/MixamoAnimPack/MixamoCharacter_Master.MixamoCharacter_Master:EventGraph.K2Node_CallFunction_87421' missing NodeGuid because of upgrade from old package version, this can cause deterministic cooking issues please resave package.
[2020.01.25-19.46.54:264][  0]LogBlueprint:Warning: Node '/Game/MixamoAnimPack/MixamoCharacter_Master.MixamoCharacter_Master:EventGraph.K2Node_CallFunction_8781' missing NodeGuid because of upgrade from old package version, this can cause deterministic cooking issues please resave package.
[2020.01.25-19.46.54:264][  0]LogBlueprint:Warning: Node '/Game/MixamoAnimPack/MixamoCharacter_Master.MixamoCharacter_Master:EventGraph.K2Node_CommutativeAssociativeBinaryOperator_153' missing NodeGuid because of upgrade from old package version, this can cause deterministic cooking issues please resave package.
[2020.01.25-19.46.54:264][  0]LogBlueprint:Warning: Node '/Game/MixamoAnimPack/MixamoCharacter_Master.MixamoCharacter_Master:EventGraph.K2Node_CommutativeAssociativeBinaryOperator_155' missing NodeGuid because of upgrade from old package version, this can cause deterministic cooking issues please resave package.
[2020.01.25-19.46.54:264][  0]LogBlueprint:Warning: Node '/Game/MixamoAnimPack/MixamoCharacter_Master.MixamoCharacter_Master:EventGraph.K2Node_DynamicCast_179' missing NodeGuid because of upgrade from old package version, this can cause deterministic cooking issues please resave package.
[2020.01.25-19.46.54:264][  0]LogBlueprint:Warning: Node '/Game/MixamoAnimPack/MixamoCharacter_Master.MixamoCharacter_Master:UserConstructionScript.K2Node_FunctionEntry_19' missing NodeGuid because of upgrade from old package version, this can cause deterministic cooking issues please resave package.
[2020.01.25-19.46.54:264][  0]LogBlueprint:Warning: Node '/Game/MixamoAnimPack/MixamoCharacter_Master.MixamoCharacter_Master:EventGraph.K2Node_IfThenElse_203' missing NodeGuid because of upgrade from old package version, this can cause deterministic cooking issues please resave package.
[2020.01.25-19.46.54:264][  0]LogBlueprint:Warning: Node '/Game/MixamoAnimPack/MixamoCharacter_Master.MixamoCharacter_Master:EventGraph.K2Node_IfThenElse_27' missing NodeGuid because of upgrade from old package version, this can cause deterministic cooking issues please resave package.
[2020.01.25-19.46.54:264][  0]LogBlueprint:Warning: Node '/Game/MixamoAnimPack/MixamoCharacter_Master.MixamoCharacter_Master:EventGraph.K2Node_IfThenElse_41' missing NodeGuid because of upgrade from old package version, this can cause deterministic cooking issues please resave package.
[2020.01.25-19.46.54:264][  0]LogBlueprint:Warning: Node '/Game/MixamoAnimPack/MixamoCharacter_Master.MixamoCharacter_Master:EventGraph.K2Node_InputAction_52' missing NodeGuid because of upgrade from old package version, this can cause deterministic cooking issues please resave package.
[2020.01.25-19.46.54:264][  0]LogBlueprint:Warning: Node '/Game/MixamoAnimPack/MixamoCharacter_Master.MixamoCharacter_Master:EventGraph.K2Node_InputAxisEvent_1058' missing NodeGuid because of upgrade from old package version, this can cause deterministic cooking issues please resave package.
[2020.01.25-19.46.54:264][  0]LogBlueprint:Warning: Node '/Game/MixamoAnimPack/MixamoCharacter_Master.MixamoCharacter_Master:EventGraph.K2Node_InputAxisEvent_1657' missing NodeGuid because of upgrade from old package version, this can cause deterministic cooking issues please resave package.
[2020.01.25-19.46.54:264][  0]LogBlueprint:Warning: Node '/Game/MixamoAnimPack/MixamoCharacter_Master.MixamoCharacter_Master:EventGraph.K2Node_InputAxisEvent_43' missing NodeGuid because of upgrade from old package version, this can cause deterministic cooking issues please resave package.
[2020.01.25-19.46.54:265][  0]LogBlueprint:Warning: Node '/Game/MixamoAnimPack/MixamoCharacter_Master.MixamoCharacter_Master:EventGraph.K2Node_InputAxisEvent_50' missing NodeGuid because of upgrade from old package version, this can cause deterministic cooking issues please resave package.
[2020.01.25-19.46.54:265][  0]LogBlueprint:Warning: Node '/Game/MixamoAnimPack/MixamoCharacter_Master.MixamoCharacter_Master:EventGraph.K2Node_InputAxisEvent_55' missing NodeGuid because of upgrade from old package version, this can cause deterministic cooking issues please resave package.
[2020.01.25-19.46.54:265][  0]LogBlueprint:Warning: Node '/Game/MixamoAnimPack/MixamoCharacter_Master.MixamoCharacter_Master:EventGraph.K2Node_InputAxisEvent_86' missing NodeGuid because of upgrade from old package version, this can cause deterministic cooking issues please resave package.
[2020.01.25-19.46.54:265][  0]LogBlueprint:Warning: Node '/Game/MixamoAnimPack/MixamoCharacter_Master.MixamoCharacter_Master:EventGraph.K2Node_InputKey_17975' missing NodeGuid because of upgrade from old package version, this can cause deterministic cooking issues please resave package.
[2020.01.25-19.46.54:265][  0]LogBlueprint:Warning: Node '/Game/MixamoAnimPack/MixamoCharacter_Master.MixamoCharacter_Master:EventGraph.K2Node_VariableGet_1700' missing NodeGuid because of upgrade from old package version, this can cause deterministic cooking issues please resave package.
[2020.01.25-19.46.54:265][  0]LogBlueprint:Warning: Node '/Game/MixamoAnimPack/MixamoCharacter_Master.MixamoCharacter_Master:EventGraph.K2Node_VariableGet_174' missing NodeGuid because of upgrade from old package version, this can cause deterministic cooking issues please resave package.
[2020.01.25-19.46.54:265][  0]LogBlueprint:Warning: Node '/Game/MixamoAnimPack/MixamoCharacter_Master.MixamoCharacter_Master:EventGraph.K2Node_VariableGet_190' missing NodeGuid because of upgrade from old package version, this can cause deterministic cooking issues please resave package.
[2020.01.25-19.46.54:265][  0]LogBlueprint:Warning: Node '/Game/MixamoAnimPack/MixamoCharacter_Master.MixamoCharacter_Master:EventGraph.K2Node_VariableGet_91' missing NodeGuid because of upgrade from old package version, this can cause deterministic cooking issues please resave package.
[2020.01.25-19.46.54:265][  0]LogBlueprint:Warning: Node '/Game/MixamoAnimPack/MixamoCharacter_Master.MixamoCharacter_Master:EventGraph.K2Node_VariableGet_93' missing NodeGuid because of upgrade from old package version, this can cause deterministic cooking issues please resave package.
[2020.01.25-19.46.54:265][  0]LogBlueprint:Warning: Node '/Game/MixamoAnimPack/MixamoCharacter_Master.MixamoCharacter_Master:EventGraph.K2Node_VariableSet_1333' missing NodeGuid because of upgrade from old package version, this can cause deterministic cooking issues please resave package.
[2020.01.25-19.46.54:265][  0]LogBlueprint:Warning: Node '/Game/MixamoAnimPack/MixamoCharacter_Master.MixamoCharacter_Master:EventGraph.K2Node_VariableSet_1684' missing NodeGuid because of upgrade from old package version, this can cause deterministic cooking issues please resave package.
[2020.01.25-19.46.54:265][  0]LogBlueprint:Warning: Node '/Game/MixamoAnimPack/MixamoCharacter_Master.MixamoCharacter_Master:EventGraph.K2Node_VariableSet_1685' missing NodeGuid because of upgrade from old package version, this can cause deterministic cooking issues please resave package.
[2020.01.25-19.46.54:265][  0]LogBlueprint:Warning: Node '/Game/MixamoAnimPack/MixamoCharacter_Master.MixamoCharacter_Master:EventGraph.K2Node_VariableSet_660' missing NodeGuid because of upgrade from old package version, this can cause deterministic cooking issues please resave package.
[2020.01.25-19.46.54:265][  0]LogBlueprint:Warning: Node '/Game/MixamoAnimPack/MixamoCharacter_Master.MixamoCharacter_Master:EventGraph.K2Node_VariableSet_803' missing NodeGuid because of upgrade from old package version, this can cause deterministic cooking issues please resave package.
[2020.01.25-19.46.54:265][  0]LogBlueprint:Warning: Node '/Game/MixamoAnimPack/MixamoCharacter_Master.MixamoCharacter_Master:EventGraph.K2Node_VariableSet_850' missing NodeGuid because of upgrade from old package version, this can cause deterministic cooking issues please resave package.
[2020.01.25-19.46.54:478][  0]LogAIModule: Creating AISystem for world Nivel1
[2020.01.25-19.46.54:498][  0]LogLoad: Game class is 'Modo1vs1_C'
[2020.01.25-19.46.54:514][  0]LogWorld: Bringing World /Temp/Autosaves/Game/UEDPCNivel1.Nivel1 up for play (max tick rate 0) at 2020.01.25-20.46.54
[2020.01.25-19.46.54:517][  0]LogWorld: Bringing up level for play took: 0.016977
[2020.01.25-19.46.54:524][  0]LogLoad: Took 0.819352 seconds to LoadMap(/Temp/Autosaves/Game/UEDPCNivel1)
[2020.01.25-19.46.54:794][  0]LogRenderer: Reallocating scene render targets to support 1280x720 NumSamples 1 (Frame:1).
[2020.01.25-19.46.54:794][  0]LogLoad: (Engine Initialization) Total time: 13.41 seconds
[2020.01.25-19.46.54:794][  0]LogLoad: (Engine Initialization) Total Blueprint compile time: 0.24 seconds
[2020.01.25-19.46.54:794][  0]LogExternalProfiler: No external profilers were discovered.  External profiling features will not be available.
[2020.01.25-19.46.54:811][  0]LogOcInput: OculusInput pre-init called
[2020.01.25-19.46.54:811][  0]LogHMD: Starting GearVRController plugin
[2020.01.25-19.47.19:577][518]LogWindowsTextInputMethodSystem:Display: IME system now deactivated.
[2020.01.25-19.47.19:583][518]LogWindowsTextInputMethodSystem:Display: IME system now deactivated.
[2020.01.25-19.47.19:585][518]LogEngine: All Windows Closed
[2020.01.25-19.47.19:585][518]LogWindows: FPlatformMisc::RequestExit(0)
[2020.01.25-19.47.19:682][519]LogExit: Preparing to exit.
[2020.01.25-19.47.19:682][519]LogMoviePlayer: Shutting down movie player
[2020.01.25-19.47.20:012][519]LogExit: Game engine shut down
[2020.01.25-19.47.20:067][519]LogObj: Freed 0b from 0 cluster array pools.
[2020.01.25-19.47.20:067][519]LogExit: Object subsystem successfully closed.
[2020.01.25-19.47.20:092][519]LogD3D11RHI: Shutdown
[2020.01.25-19.47.20:092][519]LogD3D11RHI: CleanupD3DDevice
[2020.01.25-19.47.20:161][519]LogD3D11RHI: ~FD3D11DynamicRHI
[2020.01.25-19.47.20:167][519]LogModuleManager: Shutting down and abandoning module SequenceRecorderSections (296)
[2020.01.25-19.47.20:167][519]LogModuleManager: Shutting down and abandoning module SequenceRecorder (294)
[2020.01.25-19.47.20:167][519]LogModuleManager: Shutting down and abandoning module AutomationController (292)
[2020.01.25-19.47.20:167][519]LogModuleManager: Shutting down and abandoning module AutomationWorker (290)
[2020.01.25-19.47.20:167][519]LogModuleManager: Shutting down and abandoning module AIModule (288)
[2020.01.25-19.47.20:167][519]LogModuleManager: Shutting down and abandoning module GameplayDebugger (287)
[2020.01.25-19.47.20:167][519]LogModuleManager: Shutting down and abandoning module AITestSuite (285)
[2020.01.25-19.47.20:167][519]LogModuleManager: Shutting down and abandoning module WmfMediaFactory (282)
[2020.01.25-19.47.20:167][519]LogModuleManager: Shutting down and abandoning module AvfMediaFactory (280)
[2020.01.25-19.47.20:167][519]LogModuleManager: Shutting down and abandoning module AndroidMediaFactory (278)
[2020.01.25-19.47.20:167][519]LogModuleManager: Shutting down and abandoning module Media (277)
[2020.01.25-19.47.20:167][519]LogModuleManager: Shutting down and abandoning module CharacterAI (274)
[2020.01.25-19.47.20:167][519]LogModuleManager: Shutting down and abandoning module SessionServices (272)
[2020.01.25-19.47.20:167][519]LogModuleManager: Shutting down and abandoning module MovieSceneCapture (270)
[2020.01.25-19.47.20:167][519]LogModuleManager: Shutting down and abandoning module MovieSceneTracks (268)
[2020.01.25-19.47.20:167][519]LogModuleManager: Shutting down and abandoning module MovieScene (266)
[2020.01.25-19.47.20:167][519]LogModuleManager: Shutting down and abandoning module GeometryCache (264)
[2020.01.25-19.47.20:167][519]LogModuleManager: Shutting down and abandoning module GeometryCacheEd (263)
[2020.01.25-19.47.20:167][519]LogModuleManager: Shutting down and abandoning module Niagara (260)
[2020.01.25-19.47.20:167][519]LogModuleManager: Shutting down and abandoning module NiagaraEditor (259)
[2020.01.25-19.47.20:168][519]LogModuleManager: Shutting down and abandoning module StreamingPauseRendering (256)
[2020.01.25-19.47.20:168][519]LogModuleManager: Shutting down and abandoning module PortalServices (254)
[2020.01.25-19.47.20:168][519]LogModuleManager: Shutting down and abandoning module PortalRpc (252)
[2020.01.25-19.47.20:168][519]LogModuleManager: Shutting down and abandoning module MessagingRpc (250)
[2020.01.25-19.47.20:168][519]LogModuleManager: Shutting down and abandoning module ProfilerService (248)
[2020.01.25-19.47.20:408][519]LogModuleManager: Shutting down and abandoning module TaskGraph (246)
[2020.01.25-19.47.20:408][519]LogModuleManager: Shutting down and abandoning module SteamVRController (244)
[2020.01.25-19.47.20:408][519]LogModuleManager: Shutting down and abandoning module SteamVR (242)
[2020.01.25-19.47.20:408][519]LogModuleManager: Shutting down and abandoning module ProceduralMeshComponent (240)
[2020.01.25-19.47.20:408][519]LogModuleManager: Shutting down and abandoning module OculusLibrary (238)
[2020.01.25-19.47.20:408][519]LogModuleManager: Shutting down and abandoning module OculusInput (236)
[2020.01.25-19.47.20:408][519]LogModuleManager: Shutting down and abandoning module MobilePatchingUtils (234)
[2020.01.25-19.47.20:408][519]LogModuleManager: Shutting down and abandoning module CustomMeshComponent (232)
[2020.01.25-19.47.20:408][519]LogModuleManager: Shutting down and abandoning module CableComponent (230)
[2020.01.25-19.47.20:408][519]LogModuleManager: Shutting down and abandoning module ArchVisCharacter (228)
[2020.01.25-19.47.20:408][519]LogModuleManager: Shutting down and abandoning module AndroidPermission (226)
[2020.01.25-19.47.20:408][519]LogModuleManager: Shutting down and abandoning module HTML5Networking (222)
[2020.01.25-19.47.20:408][519]LogModuleManager: Shutting down and abandoning module VisualStudioSourceCodeAccess (220)
[2020.01.25-19.47.20:408][519]LogModuleManager: Shutting down and abandoning module DesktopPlatform (219)
[2020.01.25-19.47.20:408][519]LogModuleManager: Shutting down and abandoning module HotReload (217)
[2020.01.25-19.47.20:408][519]LogModuleManager: Shutting down and abandoning module UObjectPlugin (214)
[2020.01.25-19.47.20:408][519]LogModuleManager: Shutting down and abandoning module SubversionSourceControl (212)
[2020.01.25-19.47.20:408][519]LogModuleManager: Shutting down and abandoning module PerforceSourceControl (210)
[2020.01.25-19.47.20:408][519]LogModuleManager: Shutting down and abandoning module SourceControl (209)
[2020.01.25-19.47.20:408][519]LogModuleManager: Shutting down and abandoning module PhysXVehiclesEditor (206)
[2020.01.25-19.47.20:408][519]LogModuleManager: Shutting down and abandoning module PhysXVehicles (204)
[2020.01.25-19.47.20:408][519]LogModuleManager: Shutting down and abandoning module LocationServicesBPLibrary (202)
[2020.01.25-19.47.20:408][519]LogModuleManager: Shutting down and abandoning module ImmediatePhysicsEditor (200)
[2020.01.25-19.47.20:408][519]LogModuleManager: Shutting down and abandoning module ImmediatePhysics (198)
[2020.01.25-19.47.20:408][519]LogModuleManager: Shutting down and abandoning module UdpMessaging (196)
[2020.01.25-19.47.20:509][519]LogModuleManager: Shutting down and abandoning module TcpMessaging (194)
[2020.01.25-19.47.20:805][519]LogModuleManager: Shutting down and abandoning module GameplayTagsEditor (192)
[2020.01.25-19.47.20:805][519]LogModuleManager: Shutting down and abandoning module FacialAnimation (190)
[2020.01.25-19.47.20:805][519]LogModuleManager: Shutting down and abandoning module AssetManagerEditor (188)
[2020.01.25-19.47.20:805][519]LogModuleManager: Shutting down and abandoning module GraphEditor (187)
[2020.01.25-19.47.20:805][519]LogModuleManager: Shutting down and abandoning module ContentBrowser (185)
[2020.01.25-19.47.20:805][519]LogModuleManager: Shutting down and abandoning module CollectionManager (184)
[2020.01.25-19.47.20:805][519]LogDirectoryWatcher: A directory notification for 'C:/Users/Lucía/Documents/GitHub/Unreal/JuegoPropioUnreal/Content/Collections/' was aborted.
[2020.01.25-19.47.20:805][519]LogDirectoryWatcher: A directory notification for 'C:/Users/Lucía/Documents/GitHub/Unreal/JuegoPropioUnreal/Content/Developers/Lucía/Collections/' was aborted.
[2020.01.25-19.47.20:805][519]LogDirectoryWatcher: A directory notification for 'C:/Users/Lucía/Documents/GitHub/Unreal/JuegoPropioUnreal/Saved/Collections/' was aborted.
[2020.01.25-19.47.20:805][519]LogModuleManager: Shutting down and abandoning module DirectoryWatcher (183)
[2020.01.25-19.47.20:805][519]LogModuleManager: Shutting down and abandoning module LightPropagationVolumeRuntime (178)
[2020.01.25-19.47.20:805][519]LogModuleManager: Shutting down and abandoning module Paper2D (176)
[2020.01.25-19.47.20:805][519]LogModuleManager: Shutting down and abandoning module WindowsMoviePlayer (174)
[2020.01.25-19.47.20:805][519]LogModuleManager: Shutting down and abandoning module WmfMedia (172)
[2020.01.25-19.47.20:807][519]LogModuleManager: Shutting down and abandoning module ClothingSystemEditor (170)
[2020.01.25-19.47.20:807][519]LogModuleManager: Shutting down and abandoning module ClothingSystemRuntime (168)
[2020.01.25-19.47.20:807][519]LogModuleManager: Shutting down and abandoning module MediaAssets (166)
[2020.01.25-19.47.20:807][519]LogModuleManager: Shutting down and abandoning module GameLiveStreaming (164)
[2020.01.25-19.47.20:808][519]LogModuleManager: Shutting down and abandoning module VREditor (162)
[2020.01.25-19.47.20:808][519]LogModuleManager: Shutting down and abandoning module StringTableEditor (160)
[2020.01.25-19.47.20:808][519]LogModuleManager: Shutting down and abandoning module GameplayTasksEditor (158)
[2020.01.25-19.47.20:808][519]LogModuleManager: Shutting down and abandoning module BehaviorTreeEditor (156)
[2020.01.25-19.47.20:808][519]LogModuleManager: Shutting down and abandoning module FunctionalTesting (154)
[2020.01.25-19.47.20:808][519]LogModuleManager: Shutting down and abandoning module CollisionAnalyzer (152)
[2020.01.25-19.47.20:808][519]LogModuleManager: Shutting down and abandoning module UMG (150)
[2020.01.25-19.47.20:808][519]LogModuleManager: Shutting down and abandoning module UMGEditor (149)
[2020.01.25-19.47.20:808][519]LogModuleManager: Shutting down and abandoning module Sequencer (148)
[2020.01.25-19.47.20:808][519]LogModuleManager: Shutting down and abandoning module AssetTools (146)
[2020.01.25-19.47.20:808][519]LogModuleManager: Shutting down and abandoning module MessageLog (145)
[2020.01.25-19.47.20:808][519]LogModuleManager: Shutting down and abandoning module WorkspaceMenuStructure (144)
[2020.01.25-19.47.20:808][519]LogModuleManager: Shutting down and abandoning module SlateReflector (138)
[2020.01.25-19.47.20:808][519]LogModuleManager: Shutting down and abandoning module Slate (136)
[2020.01.25-19.47.20:808][519]LogModuleManager: Shutting down and abandoning module EditorStyle (134)
[2020.01.25-19.47.20:810][519]LogModuleManager: Shutting down and abandoning module Messaging (132)
[2020.01.25-19.47.20:810][519]LogModuleManager: Shutting down and abandoning module SourceCodeAccess (130)
[2020.01.25-19.47.20:810][519]LogModuleManager: Shutting down and abandoning module HeadMountedDisplay (128)
[2020.01.25-19.47.20:810][519]LogModuleManager: Shutting down and abandoning module XAudio2 (126)
[2020.01.25-19.47.20:810][519]LogModuleManager: Shutting down and abandoning module Networking (124)
[2020.01.25-19.47.20:810][519]LogModuleManager: Shutting down and abandoning module Core (120)
[2020.01.25-19.47.20:810][519]LogModuleManager: Shutting down and abandoning module KismetCompiler (118)
[2020.01.25-19.47.20:810][519]LogModuleManager: Shutting down and abandoning module LevelSequence (116)
[2020.01.25-19.47.20:811][519]LogModuleManager: Shutting down and abandoning module PhysXFormats (114)
[2020.01.25-19.47.20:811][519]LogModuleManager: Shutting down and abandoning module MeshUtilities (112)
[2020.01.25-19.47.20:811][519]LogModuleManager: Shutting down and abandoning module SimplygonSwarm (111)
[2020.01.25-19.47.20:811][519]LogModuleManager: Shutting down and abandoning module SimplygonMeshReduction (109)
[2020.01.25-19.47.20:811][519]LogModuleManager: Shutting down and abandoning module QuadricMeshReduction (107)
[2020.01.25-19.47.20:811][519]LogModuleManager: Shutting down and abandoning module AssetRegistry (104)
[2020.01.25-19.47.20:811][519]LogModuleManager: Shutting down and abandoning module DerivedDataCache (102)
[2020.01.25-19.47.21:000][519]LogDerivedDataCache: Shutdown
[2020.01.25-19.47.21:000][519]LogModuleManager: Shutting down and abandoning module TargetPlatform (100)
[2020.01.25-19.47.21:000][519]LogModuleManager: Shutting down and abandoning module VulkanShaderFormat (99)
[2020.01.25-19.47.21:000][519]LogModuleManager: Shutting down and abandoning module ShaderFormatVectorVM (97)
[2020.01.25-19.47.21:000][519]LogModuleManager: Shutting down and abandoning module ShaderFormatOpenGL (95)
[2020.01.25-19.47.21:000][519]LogModuleManager: Shutting down and abandoning module ShaderFormatD3D (93)
[2020.01.25-19.47.21:000][519]LogModuleManager: Shutting down and abandoning module MetalShaderFormat (91)
[2020.01.25-19.47.21:000][519]LogModuleManager: Shutting down and abandoning module TextureFormatUncompressed (89)
[2020.01.25-19.47.21:000][519]LogModuleManager: Shutting down and abandoning module TextureFormatPVR (87)
[2020.01.25-19.47.21:000][519]LogModuleManager: Shutting down and abandoning module TextureFormatDXT (85)
[2020.01.25-19.47.21:000][519]LogModuleManager: Shutting down and abandoning module TextureFormatIntelISPCTexComp (83)
[2020.01.25-19.47.21:001][519]LogModuleManager: Shutting down and abandoning module TextureFormatASTC (81)
[2020.01.25-19.47.21:001][519]LogModuleManager: Shutting down and abandoning module ImageWrapper (80)
[2020.01.25-19.47.21:001][519]LogModuleManager: Shutting down and abandoning module TextureFormatAndroid (77)
[2020.01.25-19.47.21:001][519]LogModuleManager: Shutting down and abandoning module AudioFormatOpus (75)
[2020.01.25-19.47.21:001][519]LogModuleManager: Shutting down and abandoning module AudioFormatOgg (73)
[2020.01.25-19.47.21:001][519]LogModuleManager: Shutting down and abandoning module AudioFormatADPCM (71)
[2020.01.25-19.47.21:001][519]LogModuleManager: Shutting down and abandoning module WindowsTargetPlatform (69)
[2020.01.25-19.47.21:001][519]LogModuleManager: Shutting down and abandoning module WindowsServerTargetPlatform (67)
[2020.01.25-19.47.21:001][519]LogModuleManager: Shutting down and abandoning module WindowsNoEditorTargetPlatform (65)
[2020.01.25-19.47.21:001][519]LogModuleManager: Shutting down and abandoning module WindowsClientTargetPlatform (63)
[2020.01.25-19.47.21:001][519]LogModuleManager: Shutting down and abandoning module InputCore (60)
[2020.01.25-19.47.21:001][519]LogModuleManager: Shutting down and abandoning module Settings (58)
[2020.01.25-19.47.21:001][519]LogModuleManager: Shutting down and abandoning module OculusRift (56)
[2020.01.25-19.47.21:001][519]LogModuleManager: Shutting down and abandoning module GearVRController (54)
[2020.01.25-19.47.21:001][519]LogModuleManager: Shutting down and abandoning module GearVR (52)
[2020.01.25-19.47.21:001][519]LogModuleManager: Shutting down and abandoning module ExampleDeviceProfileSelector (50)
[2020.01.25-19.47.21:001][519]LogModuleManager: Shutting down and abandoning module OnlineBlueprintSupport (48)
[2020.01.25-19.47.21:001][519]LogModuleManager: Shutting down and abandoning module OnlineSubsystem (44)
[2020.01.25-19.47.21:001][519]LogOnline:Display: Unloading online subsystem: NULL
[2020.01.25-19.47.21:001][519]LogModuleManager: Shutting down and abandoning module XMPP (43)
[2020.01.25-19.47.21:001][519]LogModuleManager: Shutting down and abandoning module HTTP (41)
[2020.01.25-19.47.21:003][519]LogModuleManager: Shutting down and abandoning module SSL (40)
[2020.01.25-19.47.21:006][519]LogModuleManager: Shutting down and abandoning module HTTPChunkInstaller (36)
[2020.01.25-19.47.21:006][519]LogModuleManager: Shutting down and abandoning module AnimationModifiers (34)
[2020.01.25-19.47.21:006][519]LogModuleManager: Shutting down and abandoning module PropertyEditor (33)
[2020.01.25-19.47.21:006][519]LogModuleManager: Shutting down and abandoning module AudioEditor (30)
[2020.01.25-19.47.21:006][519]LogModuleManager: Shutting down and abandoning module TextureCompressor (28)
[2020.01.25-19.47.21:006][519]LogModuleManager: Shutting down and abandoning module ShaderCore (26)
[2020.01.25-19.47.21:006][519]LogModuleManager: Shutting down and abandoning module Landscape (24)
[2020.01.25-19.47.21:006][519]LogModuleManager: Shutting down and abandoning module SlateRHIRenderer (22)
[2020.01.25-19.47.21:007][519]LogModuleManager: Shutting down and abandoning module OpenGLDrv (20)
[2020.01.25-19.47.21:007][519]LogModuleManager: Shutting down and abandoning module D3D11RHI (18)
[2020.01.25-19.47.21:007][519]LogModuleManager: Shutting down and abandoning module AnimGraphRuntime (16)
[2020.01.25-19.47.21:007][519]LogModuleManager: Shutting down and abandoning module Renderer (14)
[2020.01.25-19.47.21:007][519]LogModuleManager: Shutting down and abandoning module Engine (12)
[2020.01.25-19.47.21:007][519]LogModuleManager: Shutting down and abandoning module CoreUObject (10)
[2020.01.25-19.47.21:007][519]LogModuleManager: Shutting down and abandoning module NetworkFile (8)
[2020.01.25-19.47.21:007][519]LogModuleManager: Shutting down and abandoning module StreamingFile (6)
[2020.01.25-19.47.21:007][519]LogModuleManager: Shutting down and abandoning module SandboxFile (4)
[2020.01.25-19.47.21:007][519]LogModuleManager: Shutting down and abandoning module PakFile (2)
[2020.01.25-19.47.21:010][519]LogExit: Exiting.
[2020.01.25-19.47.21:013][519]Log file closed, 01/25/20 20:47:21
