Log file open, 01/25/20 17:29:38
LogInit:Display: Running engine for game: JuegoPropioUnreal
LogPlatformFile: Not using cached read wrapper
LogInit:Display: RandInit(-1871300454) SRandInit(-1871300454).
LogTaskGraph: Started task graph with 5 named threads and 8 total threads with 1 sets of task threads.
LogStats: Stats thread started at 0.109316
LogInit: Using libcurl 7.47.1
LogInit:  - built for x86_64-pc-win32
LogInit:  - supports SSL with OpenSSL/1.0.2g
LogInit:  - supports HTTP deflate (compression) using libz 1.2.8
LogInit:  - other features:
LogInit:      CURL_VERSION_SSL
LogInit:      CURL_VERSION_LIBZ
LogInit:      CURL_VERSION_IPV6
LogInit:      CURL_VERSION_ASYNCHDNS
LogInit:      CURL_VERSION_LARGEFILE
LogInit:      CURL_VERSION_IDN
LogInit:  CurlRequestOptions (configurable via config and command line):
LogInit:  - bVerifyPeer = false  - Libcurl will NOT verify peer certificate
LogInit:  - bUseHttpProxy = false  - Libcurl will NOT use HTTP proxy
LogInit:  - bDontReuseConnections = false  - Libcurl will reuse connections
LogInit:  - CertBundlePath = nullptr  - Libcurl will use whatever was configured at build time.
LogInit: Build: ++UE4+Release-4.16-CL-3561208
LogInit: Engine Version: 4.16.3-3561208+++UE4+Release-4.16
LogInit: Compatible Engine Version: 4.16.0-3452394+++UE4+Release-4.16
LogInit: Net CL: 3452394
LogDevObjectVersion: Number of dev versions registered: 16
LogDevObjectVersion:   Dev-Blueprints (B0D832E4-1F89-4F0D-ACCF-7EB736FD4AA2): 9
LogDevObjectVersion:   Dev-Build (E1C64328-A22C-4D53-A36C-8E866417BD8C): 0
LogDevObjectVersion:   Dev-Core (375EC13C-06E4-48FB-B500-84F0262A717E): 2
LogDevObjectVersion:   Dev-Editor (E4B068ED-F494-42E9-A231-DA0B2E46BB41): 17
LogDevObjectVersion:   Dev-Framework (CFFC743F-43B0-4480-9391-14DF171D2073): 23
LogDevObjectVersion:   Dev-Mobile (B02B49B5-BB20-44E9-A304-32B752E40360): 0
LogDevObjectVersion:   Dev-Networking (A4E4105C-59A1-49B5-A7C5-40C4547EDFEE): 0
LogDevObjectVersion:   Dev-Online (39C831C9-5AE6-47DC-9A44-9C173E1C8E7C): 0
LogDevObjectVersion:   Dev-Physics (78F01B33-EBEA-4F98-B9B4-84EACCB95AA2): 0
LogDevObjectVersion:   Dev-Platform (6631380F-2D4D-43E0-8009-CF276956A95A): 0
LogDevObjectVersion:   Dev-Rendering (12F88B9F-8875-4AFC-A67C-D90C383ABD29): 15
LogDevObjectVersion:   Dev-Sequencer (7B5AE74C-D270-4C10-A958-57980B212A5A): 4
LogDevObjectVersion:   Dev-VR (D7296918-1DD6-4BDD-9DE2-64A83CC13884): 0
LogDevObjectVersion:   Dev-LoadTimes (C2A15278-BFE7-4AFE-6C17-90FF531DF755): 1
LogDevObjectVersion:   Private-Geometry (6EACA3D4-40EC-4CC1-B786-8BED09428FC5): 1
LogDevObjectVersion:   Dev-AnimPhys (29E575DD-E0A3-4627-9D10-D276232CDCEA): 3
LogInit: Compiled (64-bit): Jul 28 2017 11:49:47
LogInit: Compiled with Visual C++: 19.00.24215.01
LogInit: Build Configuration: Development
LogInit: Branch Name: ++UE4+Release-4.16
LogInit: Command line:  /Temp/Autosaves/Game/UEDPCNivel1 -game -PIEVIACONSOLE -ResX=1280 -ResY=720  -Multiprocess -messaging -SessionName="Play in Standalone Game" -windowed 
LogInit: Base directory: D:/UnrealEngine/UE_4.16/Engine/Binaries/Win64/
LogInit: Installed Engine Build: 1
LogInit: Presizing for max 8388607 objects, including 0 objects not considered by GC, pre-allocating 0 bytes for permanent pool.
LogInit: Object subsystem initialized
[2020.01.25-16.29.38:770][  0]LogInit: Selected Device Profile: [Windows]
[2020.01.25-16.29.38:770][  0]LogInit: Applying CVar settings loaded from the selected device profile: [Windows]
[2020.01.25-16.29.38:775][  0]LogInit: Computer: LAPTOP-IAG928L3
[2020.01.25-16.29.38:775][  0]LogInit: User: Lucía
[2020.01.25-16.29.38:775][  0]LogInit: CPU Page size=4096, Cores=4
[2020.01.25-16.29.38:775][  0]LogInit: High frequency timer resolution =10.000000 MHz
[2020.01.25-16.29.38:775][  0]LogMemory: Memory total: Physical=31.9GB (32GB approx)
[2020.01.25-16.29.38:775][  0]LogMemory: Platform Memory Stats for Windows
[2020.01.25-16.29.38:775][  0]LogMemory: Process Physical Memory: 274.43 MB used, 274.44 MB peak
[2020.01.25-16.29.38:775][  0]LogMemory: Process Virtual Memory: 262.36 MB used, 262.36 MB peak
[2020.01.25-16.29.38:775][  0]LogMemory: Physical Memory: 9132.12 MB used,  23555.16 MB free, 32687.28 MB total
[2020.01.25-16.29.38:775][  0]LogMemory: Virtual Memory: 4749.39 MB used,  23555.16 MB free, 134217728.00 MB total
[2020.01.25-16.29.38:867][  0]LogInit: Using OS detected language (es-ES).
[2020.01.25-16.29.38:867][  0]LogInit: Using OS detected locale (es-ES).
[2020.01.25-16.29.38:874][  0]LogTextLocalizationManager: No specific localization for 'es-ES' exists, so the 'es' localization will be used.
[2020.01.25-16.29.39:538][  0]LogD3D11RHI: D3D11 adapters:
[2020.01.25-16.29.39:620][  0]LogD3D11RHI:    0. 'NVIDIA GeForce GTX 1070' (Feature Level 11_0)
[2020.01.25-16.29.39:620][  0]LogD3D11RHI:       8081/0/16343 MB DedicatedVideo/DedicatedSystem/SharedSystem, Outputs:1, VendorId:0x10de
[2020.01.25-16.29.39:623][  0]LogD3D11RHI:    1. 'Microsoft Basic Render Driver' (Feature Level 11_0)
[2020.01.25-16.29.39:623][  0]LogD3D11RHI:       0/0/16343 MB DedicatedVideo/DedicatedSystem/SharedSystem, Outputs:0, VendorId:0x1414
[2020.01.25-16.29.39:623][  0]LogD3D11RHI: Chosen D3D11 Adapter: 0
[2020.01.25-16.29.39:633][  0]LogD3D11RHI: Creating new Direct3DDevice
[2020.01.25-16.29.39:633][  0]LogD3D11RHI:     GPU DeviceId: 0x1be1 (for the marketing name, search the web for "GPU Device Id")
[2020.01.25-16.29.39:633][  0]LogWindows: EnumDisplayDevices:
[2020.01.25-16.29.39:633][  0]LogWindows:    0. 'NVIDIA GeForce GTX 1070' (P:1 D:1)
[2020.01.25-16.29.39:634][  0]LogWindows:    1. 'NVIDIA GeForce GTX 1070' (P:0 D:0)
[2020.01.25-16.29.39:634][  0]LogWindows:    2. 'NVIDIA GeForce GTX 1070' (P:0 D:0)
[2020.01.25-16.29.39:634][  0]LogWindows:    3. 'NVIDIA GeForce GTX 1070' (P:0 D:0)
[2020.01.25-16.29.39:634][  0]LogWindows: DebugString: GetVideoDriverDetailsInvalid PrimaryIsNotTheChoosenAdapter GetVideoDriverDetailsInvalid PrimaryIsNotTheChoosenAdapter GetVideoDriverDetailsInvalid PrimaryIsNotTheChoosenAdapter GetVideoDriverDetailsInvalid PrimaryIsNotTheChoosenAdapter FoundDriverCount:0 
[2020.01.25-16.29.39:634][  0]LogD3D11RHI:     Adapter Name: NVIDIA GeForce GTX 1070
[2020.01.25-16.29.39:634][  0]LogD3D11RHI:   Driver Version: Unknown (internal:Unknown, unified:Unknown)
[2020.01.25-16.29.39:634][  0]LogD3D11RHI:      Driver Date: Unknown
[2020.01.25-16.29.39:634][  0]LogRHI: Texture pool is 1361 MB (70% of 1945 MB)
[2020.01.25-16.29.39:695][  0]LogD3D11RHI: Async texture creation enabled
[2020.01.25-16.29.39:708][  0]LogD3D11RHI: GPU Timing Frequency: 1000.000000 (Debug: 2 1)
[2020.01.25-16.29.39:754][  0]LogShaderCompilers: Guid format shader working directory is -11 characters bigger than the processId version (C:/Users/Lucía/Documents/GitHub/Unreal/JuegoPropioUnreal/Intermediate/Shaders/WorkingDirectory/15008/).
[2020.01.25-16.29.39:755][  0]LogShaderCompilers: Cleaned the shader compiler working directory 'C:/Users/Lucía/AppData/Local/Temp/UnrealShaderWorkingDir/4E74B0EE48652293436F72A2ECF2D5AA/'.
[2020.01.25-16.29.39:755][  0]LogShaderCompilers:Display: Using Local Shader Compiler.
[2020.01.25-16.29.41:275][  0]LogTemp:Display: Loaded TP WindowsClientTargetPlatform
[2020.01.25-16.29.41:342][  0]LogTemp:Display: Loaded TP WindowsNoEditorTargetPlatform
[2020.01.25-16.29.41:400][  0]LogTemp:Display: Loaded TP WindowsServerTargetPlatform
[2020.01.25-16.29.41:451][  0]LogTemp:Display: Loaded TP WindowsTargetPlatform
[2020.01.25-16.29.41:451][  0]LogTargetPlatformManager:Display: Building Assets For Windows
[2020.01.25-16.29.42:037][  0]LogDerivedDataCache:Display: Max Cache Size: 512 MB
[2020.01.25-16.29.42:166][  0]LogDerivedDataCache: Loaded boot cache 0.13s 90MB C:/Users/Lucía/AppData/Local/UnrealEngine/4.16/DerivedDataCache/Boot.ddc.
[2020.01.25-16.29.42:167][  0]LogDerivedDataCache:Display: Loaded Boot cache: C:/Users/Lucía/AppData/Local/UnrealEngine/4.16/DerivedDataCache/Boot.ddc
[2020.01.25-16.29.42:167][  0]LogDerivedDataCache: FDerivedDataBackendGraph:  Pak pak cache file C:/Users/Lucía/Documents/GitHub/Unreal/JuegoPropioUnreal/DerivedDataCache/DDC.ddp not found, will not use a pak cache.
[2020.01.25-16.29.42:167][  0]LogDerivedDataCache: Unable to find inner node Pak for hierarchical cache Hierarchy.
[2020.01.25-16.29.42:167][  0]LogDerivedDataCache: FDerivedDataBackendGraph:  CompressedPak pak cache file C:/Users/Lucía/Documents/GitHub/Unreal/JuegoPropioUnreal/DerivedDataCache/Compressed.ddp not found, will not use a pak cache.
[2020.01.25-16.29.42:167][  0]LogDerivedDataCache: Unable to find inner node CompressedPak for hierarchical cache Hierarchy.
[2020.01.25-16.29.42:184][  0]LogDerivedDataCache:Display: Pak cache opened for reading ../../../Engine/DerivedDataCache/Compressed.ddp.
[2020.01.25-16.29.42:197][  0]LogDerivedDataCache: Using Local data cache path C:/Users/Lucía/AppData/Local/UnrealEngine/Common/DerivedDataCache: Writable
[2020.01.25-16.29.42:213][  0]LogMaterial: Verifying Global Shaders for PCD3D_SM5
[2020.01.25-16.29.42:213][  0]LogSlate: Using Freetype 2.6.0
[2020.01.25-16.29.42:215][  0]LogSlate: SlateFontCache - WITH_FREETYPE: 1, WITH_HARFBUZZ: 1
[2020.01.25-16.29.42:215][  0]LogSlate: SlateFontCache - WITH_FREETYPE: 1, WITH_HARFBUZZ: 1
[2020.01.25-16.29.42:598][  0]LogAssetRegistry: FAssetRegistry took 0.0045 seconds to start up
[2020.01.25-16.29.42:606][  0]LogPackageLocalizationCache: Processed 4 localized package path(s) for 2 prioritized culture(s) in 0.008094 seconds
[2020.01.25-16.29.42:745][  0]LogInit: Selected Device Profile: [Windows]
[2020.01.25-16.29.42:824][  0]LogContentStreaming: Texture pool size is 1000.00 MB
[2020.01.25-16.29.43:033][  0]LogMeshUtilities: Using QuadricMeshReduction for automatic static mesh reduction
[2020.01.25-16.29.43:087][  0]LogSimplygon: Simplygon DLL not present - disabling.
[2020.01.25-16.29.43:161][  0]LogMeshUtilities: Using SimplygonSwarm for distributed automatic mesh merging
[2020.01.25-16.29.43:161][  0]LogMeshUtilities: No automatic skeletal mesh reduction module available
[2020.01.25-16.29.43:161][  0]LogMeshUtilities: No automatic mesh merging module available
[2020.01.25-16.29.43:806][  0]LogNetVersion: JuegoPropioUnreal , NetCL: 3452394, EngineNetVer: 2, GameNetVer: 0 (Checksum: 3708460046)
[2020.01.25-16.29.43:893][  0]LogInit: WinSock: version 1.1 (2.2), MaxSocks=32767, MaxUdp=65467
[2020.01.25-16.29.45:497][  0]LogMoviePlayer: Initializing movie player
[2020.01.25-16.29.45:925][  0]LogCollectionManager: Loaded 0 collections in 0.001181 seconds
[2020.01.25-16.29.45:984][  0]LogFileCache: Scanning file cache for directory 'C:/Users/Lucía/Documents/GitHub/Unreal/JuegoPropioUnreal/Saved/Collections/' took 0.01s
[2020.01.25-16.29.45:984][  0]LogFileCache: Scanning file cache for directory 'C:/Users/Lucía/Documents/GitHub/Unreal/JuegoPropioUnreal/Content/Developers/Lucía/Collections/' took 0.01s
[2020.01.25-16.29.45:984][  0]LogFileCache: Scanning file cache for directory 'C:/Users/Lucía/Documents/GitHub/Unreal/JuegoPropioUnreal/Content/Collections/' took 0.01s
[2020.01.25-16.29.45:984][  0]LogCollectionManager: Rebuilt the object cache for 0 collections in 0.000002 seconds (found 0 objects)
[2020.01.25-16.29.45:984][  0]LogCollectionManager: Fixed up redirectors for 0 collections in 0.000044 seconds (updated 0 objects)
[2020.01.25-16.29.46:236][  0]LogTcpMessaging: Initializing TcpMessaging bridge
[2020.01.25-16.29.46:292][  0]LogUdpMessaging: Initializing bridge on interface 0.0.0.0:0 to multicast group 230.0.0.1:6666.
[2020.01.25-16.29.46:900][  0]SourceControl: Información El control de código fuente está desactivado
[2020.01.25-16.29.46:900][  0]SourceControl: Información El control de código fuente está desactivado
[2020.01.25-16.29.46:974][  0]SourceControl: Información El control de código fuente está desactivado
[2020.01.25-16.29.47:370][  0]LogAndroidPermission: UAndroidPermissionCallbackProxy::GetInstance
[2020.01.25-16.29.48:076][  0]LogUObjectArray: 37220 objects as part of root set at end of initial load.
[2020.01.25-16.29.48:076][  0]LogUObjectAllocator: 8398840 out of 0 bytes used by permanent object pool.
[2020.01.25-16.29.48:076][  0]LogUObjectArray: CloseDisregardForGC: 0/0 objects in disregard for GC pool
[2020.01.25-16.29.48:219][  0]LogEngine: Initializing Engine...
[2020.01.25-16.29.48:221][  0]LogHMD: Failed to initialize OpenVR with code 110
[2020.01.25-16.29.48:448][  0]LogStats: UGameplayTagsManager::ConstructGameplayTagTree: Construct from data asset -  0.000 s
[2020.01.25-16.29.48:448][  0]LogStats: UGameplayTagsManager::ConstructGameplayTagTree: GameplayTagTreeChangedEvent.Broadcast -  0.000 s
[2020.01.25-16.29.48:465][  0]LogInit: XAudio2 using 'Altavoces (Realtek High Definition Audio)' : 2 channels at 48 kHz using 32 bits per sample (channel mask 0x3)
[2020.01.25-16.29.48:505][  0]LogInit: FAudioDevice initialized.
[2020.01.25-16.29.48:527][  0]LogInit: Texture streaming: Enabled
[2020.01.25-16.29.48:545][  0]LogMaterial: Uniform references updated for custom material expression Custom.
[2020.01.25-16.29.48:893][  0]LogSlateStyle:Warning: No pudo encontrar el estilo del widget del cuadro 'NormalText'. Utilizando FTextBlockStyle predeterminado en su lugar.
[2020.01.25-16.29.48:893][  0]LogSlateStyle:Warning: No pudo encontrar el estilo del widget del cuadro 'SpinBox'. Utilizando FSpinBoxStyle predeterminado en su lugar.
[2020.01.25-16.29.49:202][  0]LogInit:Display: Game Engine Initialized.
[2020.01.25-16.29.49:441][  0]LogInit:Display: Starting Game.
[2020.01.25-16.29.49:441][  0]LogNet: Browse: /Temp/Autosaves/Game/UEDPCNivel1?Name=Player
[2020.01.25-16.29.49:441][  0]LogLoad: LoadMap: /Temp/Autosaves/Game/UEDPCNivel1?Name=Player
[2020.01.25-16.29.49:463][  0]LogMemory: Platform Memory Stats for Windows
[2020.01.25-16.29.49:463][  0]LogMemory: Process Physical Memory: 788.76 MB used, 890.17 MB peak
[2020.01.25-16.29.49:464][  0]LogMemory: Process Virtual Memory: 932.26 MB used, 986.77 MB peak
[2020.01.25-16.29.49:464][  0]LogMemory: Physical Memory: 9743.66 MB used,  22943.63 MB free, 32687.28 MB total
[2020.01.25-16.29.49:464][  0]LogMemory: Virtual Memory: 5745.96 MB used,  22943.63 MB free, 134217728.00 MB total
[2020.01.25-16.29.49:464][  0]LogMemory: 
[2020.01.25-16.29.49:464][  0]Allocator Stats for TBB: (not implemented)
[2020.01.25-16.29.49:564][  0]LogBlueprint:Warning: Node '/Game/MixamoAnimPack/MixamoCharacter_Master.MixamoCharacter_Master:EdGraph_0.K2Node_FunctionEntry_19' missing NodeGuid because of upgrade from old package version, this can cause deterministic cooking issues please resave package.
[2020.01.25-16.29.49:572][  0]LogBlueprint:Warning: [Compiler MixamoCharacter_Master] Aviso Acción desconocida de referencias del evento InputAction 'Jump' para  InputAction Jump
[2020.01.25-16.29.49:573][  0]LogBlueprint:Warning: [Compiler MixamoCharacter_Master] Aviso El eje desconocido de referencias del eje de entrada 'LookUpRate' para  InputAxis LookUpRate
[2020.01.25-16.29.49:573][  0]LogBlueprint:Warning: [Compiler MixamoCharacter_Master] Aviso El eje desconocido de referencias del eje de entrada 'TurnRate' para  InputAxis TurnRate
[2020.01.25-16.29.49:573][  0]LogBlueprint:Warning: [Compiler MixamoCharacter_Master] Aviso El eje desconocido de referencias del eje de entrada 'Turn' para  InputAxis Turn
[2020.01.25-16.29.49:573][  0]LogBlueprint:Warning: [Compiler MixamoCharacter_Master] Aviso El eje desconocido de referencias del eje de entrada 'MoveRight' para  InputAxis MoveRight
[2020.01.25-16.29.49:573][  0]LogBlueprint:Warning: [Compiler MixamoCharacter_Master] Aviso El eje desconocido de referencias del eje de entrada 'LookUp' para  InputAxis LookUp
[2020.01.25-16.29.49:573][  0]LogBlueprint:Warning: [Compiler MixamoCharacter_Master] Aviso El eje desconocido de referencias del eje de entrada 'MoveForward' para  InputAxis MoveForward
[2020.01.25-16.29.49:574][  0]LogBlueprint:Warning: Node '/Game/MixamoAnimPack/MixamoCharacter_Master.MixamoCharacter_Master:EdGraph_1.K2Node_FunctionEntry_19' missing NodeGuid because of upgrade from old package version, this can cause deterministic cooking issues please resave package.
[2020.01.25-16.29.49:576][  0]LogBlueprint:Warning: [Compiler MixamoCharacter_Master] Aviso [0012,95] Compile of MixamoCharacter_Master successful, but with 7 Warning(s) [in 10 ms] (/Game/MixamoAnimPack/MixamoCharacter_Master.MixamoCharacter_Master)
[2020.01.25-16.29.49:577][  0]LogBlueprint:Warning: [Compiler MixamoCharacter_Master] Aviso [0012,95] Compile of MixamoCharacter_Master successful, but with 8 Warning(s) [in 0 ms] (/Game/MixamoAnimPack/MixamoCharacter_Master.MixamoCharacter_Master)
[2020.01.25-16.29.49:577][  0]LogBlueprint:Warning: [Compiler MixamoCharacter_Master] Aviso [0012,95] Compile of MixamoCharacter_Master successful, but with 9 Warning(s) [in 0 ms] (/Game/MixamoAnimPack/MixamoCharacter_Master.MixamoCharacter_Master)
[2020.01.25-16.29.49:815][  0]LogBlueprint:Warning: [Compiler MixamoCharacter_Master] Aviso Acción desconocida de referencias del evento InputAction 'Jump' para  InputAction Jump
[2020.01.25-16.29.49:815][  0]LogBlueprint:Warning: [Compiler MixamoCharacter_Master] Aviso El eje desconocido de referencias del eje de entrada 'LookUpRate' para  InputAxis LookUpRate
[2020.01.25-16.29.49:815][  0]LogBlueprint:Warning: [Compiler MixamoCharacter_Master] Aviso El eje desconocido de referencias del eje de entrada 'TurnRate' para  InputAxis TurnRate
[2020.01.25-16.29.49:816][  0]LogBlueprint:Warning: [Compiler MixamoCharacter_Master] Aviso El eje desconocido de referencias del eje de entrada 'Turn' para  InputAxis Turn
[2020.01.25-16.29.49:816][  0]LogBlueprint:Warning: [Compiler MixamoCharacter_Master] Aviso El eje desconocido de referencias del eje de entrada 'MoveRight' para  InputAxis MoveRight
[2020.01.25-16.29.49:816][  0]LogBlueprint:Warning: [Compiler MixamoCharacter_Master] Aviso El eje desconocido de referencias del eje de entrada 'LookUp' para  InputAxis LookUp
[2020.01.25-16.29.49:816][  0]LogBlueprint:Warning: [Compiler MixamoCharacter_Master] Aviso El eje desconocido de referencias del eje de entrada 'MoveForward' para  InputAxis MoveForward
[2020.01.25-16.29.49:817][  0]LogBlueprint:Warning: Node '/Game/MixamoAnimPack/MixamoCharacter_Master.MixamoCharacter_Master:EdGraph_2.K2Node_FunctionEntry_19' missing NodeGuid because of upgrade from old package version, this can cause deterministic cooking issues please resave package.
[2020.01.25-16.29.49:821][  0]LogBlueprint:Warning: [Compiler MixamoCharacter_Master] Aviso [0013,19] Compile of MixamoCharacter_Master successful, but with 7 Warning(s) [in 11 ms] (/Game/MixamoAnimPack/MixamoCharacter_Master.MixamoCharacter_Master)
[2020.01.25-16.29.49:821][  0]LogBlueprint:Warning: [Compiler MixamoCharacter_Master] Aviso [0013,19] Compile of MixamoCharacter_Master successful, but with 8 Warning(s) [in 0 ms] (/Game/MixamoAnimPack/MixamoCharacter_Master.MixamoCharacter_Master)
[2020.01.25-16.29.49:822][  0]LogBlueprint:Warning: [Compiler MixamoCharacter_Master] Aviso [0013,19] Compile of MixamoCharacter_Master successful, but with 9 Warning(s) [in 0 ms] (/Game/MixamoAnimPack/MixamoCharacter_Master.MixamoCharacter_Master)
[2020.01.25-16.29.50:039][  0]LogBlueprint:Warning: Node '/Game/MixamoAnimPack/MixamoCharacter_Master.MixamoCharacter_Master:EventGraph.EdGraphNode_Comment_93' missing NodeGuid because of upgrade from old package version, this can cause deterministic cooking issues please resave package.
[2020.01.25-16.29.50:039][  0]LogBlueprint:Warning: Node '/Game/MixamoAnimPack/MixamoCharacter_Master.MixamoCharacter_Master:EventGraph.K2Node_Comment_1' missing NodeGuid because of upgrade from old package version, this can cause deterministic cooking issues please resave package.
[2020.01.25-16.29.50:039][  0]LogBlueprint:Warning: Node '/Game/MixamoAnimPack/MixamoCharacter_Master.MixamoCharacter_Master:EventGraph.K2Node_Comment_39' missing NodeGuid because of upgrade from old package version, this can cause deterministic cooking issues please resave package.
[2020.01.25-16.29.50:039][  0]LogBlueprint:Warning: Node '/Game/MixamoAnimPack/MixamoCharacter_Master.MixamoCharacter_Master:EventGraph.K2Node_Comment_56' missing NodeGuid because of upgrade from old package version, this can cause deterministic cooking issues please resave package.
[2020.01.25-16.29.50:039][  0]LogBlueprint:Warning: Node '/Game/MixamoAnimPack/MixamoCharacter_Master.MixamoCharacter_Master:EventGraph.K2Node_CallFunction_108971' missing NodeGuid because of upgrade from old package version, this can cause deterministic cooking issues please resave package.
[2020.01.25-16.29.50:039][  0]LogBlueprint:Warning: Node '/Game/MixamoAnimPack/MixamoCharacter_Master.MixamoCharacter_Master:EventGraph.K2Node_CallFunction_112027' missing NodeGuid because of upgrade from old package version, this can cause deterministic cooking issues please resave package.
[2020.01.25-16.29.50:039][  0]LogBlueprint:Warning: Node '/Game/MixamoAnimPack/MixamoCharacter_Master.MixamoCharacter_Master:EventGraph.K2Node_CallFunction_20844' missing NodeGuid because of upgrade from old package version, this can cause deterministic cooking issues please resave package.
[2020.01.25-16.29.50:039][  0]LogBlueprint:Warning: Node '/Game/MixamoAnimPack/MixamoCharacter_Master.MixamoCharacter_Master:EventGraph.K2Node_CallFunction_21305' missing NodeGuid because of upgrade from old package version, this can cause deterministic cooking issues please resave package.
[2020.01.25-16.29.50:039][  0]LogBlueprint:Warning: Node '/Game/MixamoAnimPack/MixamoCharacter_Master.MixamoCharacter_Master:EventGraph.K2Node_CallFunction_3716' missing NodeGuid because of upgrade from old package version, this can cause deterministic cooking issues please resave package.
[2020.01.25-16.29.50:040][  0]LogBlueprint:Warning: Node '/Game/MixamoAnimPack/MixamoCharacter_Master.MixamoCharacter_Master:EventGraph.K2Node_CallFunction_4184' missing NodeGuid because of upgrade from old package version, this can cause deterministic cooking issues please resave package.
[2020.01.25-16.29.50:040][  0]LogBlueprint:Warning: Node '/Game/MixamoAnimPack/MixamoCharacter_Master.MixamoCharacter_Master:EventGraph.K2Node_CallFunction_4223' missing NodeGuid because of upgrade from old package version, this can cause deterministic cooking issues please resave package.
[2020.01.25-16.29.50:040][  0]LogBlueprint:Warning: Node '/Game/MixamoAnimPack/MixamoCharacter_Master.MixamoCharacter_Master:EventGraph.K2Node_CallFunction_4678' missing NodeGuid because of upgrade from old package version, this can cause deterministic cooking issues please resave package.
[2020.01.25-16.29.50:040][  0]LogBlueprint:Warning: Node '/Game/MixamoAnimPack/MixamoCharacter_Master.MixamoCharacter_Master:EventGraph.K2Node_CallFunction_61214' missing NodeGuid because of upgrade from old package version, this can cause deterministic cooking issues please resave package.
[2020.01.25-16.29.50:040][  0]LogBlueprint:Warning: Node '/Game/MixamoAnimPack/MixamoCharacter_Master.MixamoCharacter_Master:EventGraph.K2Node_CallFunction_61534' missing NodeGuid because of upgrade from old package version, this can cause deterministic cooking issues please resave package.
[2020.01.25-16.29.50:040][  0]LogBlueprint:Warning: Node '/Game/MixamoAnimPack/MixamoCharacter_Master.MixamoCharacter_Master:EventGraph.K2Node_CallFunction_65164' missing NodeGuid because of upgrade from old package version, this can cause deterministic cooking issues please resave package.
[2020.01.25-16.29.50:040][  0]LogBlueprint:Warning: Node '/Game/MixamoAnimPack/MixamoCharacter_Master.MixamoCharacter_Master:EventGraph.K2Node_CallFunction_7346' missing NodeGuid because of upgrade from old package version, this can cause deterministic cooking issues please resave package.
[2020.01.25-16.29.50:040][  0]LogBlueprint:Warning: Node '/Game/MixamoAnimPack/MixamoCharacter_Master.MixamoCharacter_Master:EventGraph.K2Node_CallFunction_8160' missing NodeGuid because of upgrade from old package version, this can cause deterministic cooking issues please resave package.
[2020.01.25-16.29.50:040][  0]LogBlueprint:Warning: Node '/Game/MixamoAnimPack/MixamoCharacter_Master.MixamoCharacter_Master:EventGraph.K2Node_CallFunction_8427' missing NodeGuid because of upgrade from old package version, this can cause deterministic cooking issues please resave package.
[2020.01.25-16.29.50:040][  0]LogBlueprint:Warning: Node '/Game/MixamoAnimPack/MixamoCharacter_Master.MixamoCharacter_Master:EventGraph.K2Node_CallFunction_8733' missing NodeGuid because of upgrade from old package version, this can cause deterministic cooking issues please resave package.
[2020.01.25-16.29.50:040][  0]LogBlueprint:Warning: Node '/Game/MixamoAnimPack/MixamoCharacter_Master.MixamoCharacter_Master:EventGraph.K2Node_CallFunction_87421' missing NodeGuid because of upgrade from old package version, this can cause deterministic cooking issues please resave package.
[2020.01.25-16.29.50:040][  0]LogBlueprint:Warning: Node '/Game/MixamoAnimPack/MixamoCharacter_Master.MixamoCharacter_Master:EventGraph.K2Node_CallFunction_8781' missing NodeGuid because of upgrade from old package version, this can cause deterministic cooking issues please resave package.
[2020.01.25-16.29.50:040][  0]LogBlueprint:Warning: Node '/Game/MixamoAnimPack/MixamoCharacter_Master.MixamoCharacter_Master:EventGraph.K2Node_CommutativeAssociativeBinaryOperator_153' missing NodeGuid because of upgrade from old package version, this can cause deterministic cooking issues please resave package.
[2020.01.25-16.29.50:040][  0]LogBlueprint:Warning: Node '/Game/MixamoAnimPack/MixamoCharacter_Master.MixamoCharacter_Master:EventGraph.K2Node_CommutativeAssociativeBinaryOperator_155' missing NodeGuid because of upgrade from old package version, this can cause deterministic cooking issues please resave package.
[2020.01.25-16.29.50:040][  0]LogBlueprint:Warning: Node '/Game/MixamoAnimPack/MixamoCharacter_Master.MixamoCharacter_Master:EventGraph.K2Node_DynamicCast_179' missing NodeGuid because of upgrade from old package version, this can cause deterministic cooking issues please resave package.
[2020.01.25-16.29.50:040][  0]LogBlueprint:Warning: Node '/Game/MixamoAnimPack/MixamoCharacter_Master.MixamoCharacter_Master:UserConstructionScript.K2Node_FunctionEntry_19' missing NodeGuid because of upgrade from old package version, this can cause deterministic cooking issues please resave package.
[2020.01.25-16.29.50:040][  0]LogBlueprint:Warning: Node '/Game/MixamoAnimPack/MixamoCharacter_Master.MixamoCharacter_Master:EventGraph.K2Node_IfThenElse_203' missing NodeGuid because of upgrade from old package version, this can cause deterministic cooking issues please resave package.
[2020.01.25-16.29.50:040][  0]LogBlueprint:Warning: Node '/Game/MixamoAnimPack/MixamoCharacter_Master.MixamoCharacter_Master:EventGraph.K2Node_IfThenElse_27' missing NodeGuid because of upgrade from old package version, this can cause deterministic cooking issues please resave package.
[2020.01.25-16.29.50:040][  0]LogBlueprint:Warning: Node '/Game/MixamoAnimPack/MixamoCharacter_Master.MixamoCharacter_Master:EventGraph.K2Node_IfThenElse_41' missing NodeGuid because of upgrade from old package version, this can cause deterministic cooking issues please resave package.
[2020.01.25-16.29.50:040][  0]LogBlueprint:Warning: Node '/Game/MixamoAnimPack/MixamoCharacter_Master.MixamoCharacter_Master:EventGraph.K2Node_InputAction_52' missing NodeGuid because of upgrade from old package version, this can cause deterministic cooking issues please resave package.
[2020.01.25-16.29.50:040][  0]LogBlueprint:Warning: Node '/Game/MixamoAnimPack/MixamoCharacter_Master.MixamoCharacter_Master:EventGraph.K2Node_InputAxisEvent_1058' missing NodeGuid because of upgrade from old package version, this can cause deterministic cooking issues please resave package.
[2020.01.25-16.29.50:040][  0]LogBlueprint:Warning: Node '/Game/MixamoAnimPack/MixamoCharacter_Master.MixamoCharacter_Master:EventGraph.K2Node_InputAxisEvent_1657' missing NodeGuid because of upgrade from old package version, this can cause deterministic cooking issues please resave package.
[2020.01.25-16.29.50:040][  0]LogBlueprint:Warning: Node '/Game/MixamoAnimPack/MixamoCharacter_Master.MixamoCharacter_Master:EventGraph.K2Node_InputAxisEvent_43' missing NodeGuid because of upgrade from old package version, this can cause deterministic cooking issues please resave package.
[2020.01.25-16.29.50:040][  0]LogBlueprint:Warning: Node '/Game/MixamoAnimPack/MixamoCharacter_Master.MixamoCharacter_Master:EventGraph.K2Node_InputAxisEvent_50' missing NodeGuid because of upgrade from old package version, this can cause deterministic cooking issues please resave package.
[2020.01.25-16.29.50:040][  0]LogBlueprint:Warning: Node '/Game/MixamoAnimPack/MixamoCharacter_Master.MixamoCharacter_Master:EventGraph.K2Node_InputAxisEvent_55' missing NodeGuid because of upgrade from old package version, this can cause deterministic cooking issues please resave package.
[2020.01.25-16.29.50:040][  0]LogBlueprint:Warning: Node '/Game/MixamoAnimPack/MixamoCharacter_Master.MixamoCharacter_Master:EventGraph.K2Node_InputAxisEvent_86' missing NodeGuid because of upgrade from old package version, this can cause deterministic cooking issues please resave package.
[2020.01.25-16.29.50:040][  0]LogBlueprint:Warning: Node '/Game/MixamoAnimPack/MixamoCharacter_Master.MixamoCharacter_Master:EventGraph.K2Node_InputKey_17975' missing NodeGuid because of upgrade from old package version, this can cause deterministic cooking issues please resave package.
[2020.01.25-16.29.50:040][  0]LogBlueprint:Warning: Node '/Game/MixamoAnimPack/MixamoCharacter_Master.MixamoCharacter_Master:EventGraph.K2Node_VariableGet_1700' missing NodeGuid because of upgrade from old package version, this can cause deterministic cooking issues please resave package.
[2020.01.25-16.29.50:040][  0]LogBlueprint:Warning: Node '/Game/MixamoAnimPack/MixamoCharacter_Master.MixamoCharacter_Master:EventGraph.K2Node_VariableGet_174' missing NodeGuid because of upgrade from old package version, this can cause deterministic cooking issues please resave package.
[2020.01.25-16.29.50:040][  0]LogBlueprint:Warning: Node '/Game/MixamoAnimPack/MixamoCharacter_Master.MixamoCharacter_Master:EventGraph.K2Node_VariableGet_190' missing NodeGuid because of upgrade from old package version, this can cause deterministic cooking issues please resave package.
[2020.01.25-16.29.50:040][  0]LogBlueprint:Warning: Node '/Game/MixamoAnimPack/MixamoCharacter_Master.MixamoCharacter_Master:EventGraph.K2Node_VariableGet_91' missing NodeGuid because of upgrade from old package version, this can cause deterministic cooking issues please resave package.
[2020.01.25-16.29.50:040][  0]LogBlueprint:Warning: Node '/Game/MixamoAnimPack/MixamoCharacter_Master.MixamoCharacter_Master:EventGraph.K2Node_VariableGet_93' missing NodeGuid because of upgrade from old package version, this can cause deterministic cooking issues please resave package.
[2020.01.25-16.29.50:040][  0]LogBlueprint:Warning: Node '/Game/MixamoAnimPack/MixamoCharacter_Master.MixamoCharacter_Master:EventGraph.K2Node_VariableSet_1333' missing NodeGuid because of upgrade from old package version, this can cause deterministic cooking issues please resave package.
[2020.01.25-16.29.50:040][  0]LogBlueprint:Warning: Node '/Game/MixamoAnimPack/MixamoCharacter_Master.MixamoCharacter_Master:EventGraph.K2Node_VariableSet_1684' missing NodeGuid because of upgrade from old package version, this can cause deterministic cooking issues please resave package.
[2020.01.25-16.29.50:041][  0]LogBlueprint:Warning: Node '/Game/MixamoAnimPack/MixamoCharacter_Master.MixamoCharacter_Master:EventGraph.K2Node_VariableSet_1685' missing NodeGuid because of upgrade from old package version, this can cause deterministic cooking issues please resave package.
[2020.01.25-16.29.50:041][  0]LogBlueprint:Warning: Node '/Game/MixamoAnimPack/MixamoCharacter_Master.MixamoCharacter_Master:EventGraph.K2Node_VariableSet_660' missing NodeGuid because of upgrade from old package version, this can cause deterministic cooking issues please resave package.
[2020.01.25-16.29.50:041][  0]LogBlueprint:Warning: Node '/Game/MixamoAnimPack/MixamoCharacter_Master.MixamoCharacter_Master:EventGraph.K2Node_VariableSet_803' missing NodeGuid because of upgrade from old package version, this can cause deterministic cooking issues please resave package.
[2020.01.25-16.29.50:041][  0]LogBlueprint:Warning: Node '/Game/MixamoAnimPack/MixamoCharacter_Master.MixamoCharacter_Master:EventGraph.K2Node_VariableSet_850' missing NodeGuid because of upgrade from old package version, this can cause deterministic cooking issues please resave package.
[2020.01.25-16.29.50:295][  0]LogAIModule: Creating AISystem for world Nivel1
[2020.01.25-16.29.50:316][  0]LogLoad: Game class is 'Modo1vs1_C'
[2020.01.25-16.29.50:327][  0]LogWorld: Bringing World /Temp/Autosaves/Game/UEDPCNivel1.Nivel1 up for play (max tick rate 0) at 2020.01.25-17.29.50
[2020.01.25-16.29.50:329][  0]LogWorld: Bringing up level for play took: 0.010874
[2020.01.25-16.29.50:338][  0]LogLoad: Took 0.896931 seconds to LoadMap(/Temp/Autosaves/Game/UEDPCNivel1)
[2020.01.25-16.29.50:615][  0]LogRenderer: Reallocating scene render targets to support 1280x720 NumSamples 1 (Frame:1).
[2020.01.25-16.29.50:615][  0]LogLoad: (Engine Initialization) Total time: 13.99 seconds
[2020.01.25-16.29.50:615][  0]LogLoad: (Engine Initialization) Total Blueprint compile time: 0.27 seconds
[2020.01.25-16.29.50:615][  0]LogExternalProfiler: No external profilers were discovered.  External profiling features will not be available.
[2020.01.25-16.29.50:633][  0]LogOcInput: OculusInput pre-init called
[2020.01.25-16.29.50:633][  0]LogHMD: Starting GearVRController plugin
